<?xml version="1.0" encoding="UTF-8"?>
<testng-results skipped="0" failed="4" total="11" passed="7">
  <reporter-output>
    <line>
      <![CDATA[Sum Operation is correct]]>
    </line>
    <line>
      <![CDATA[Float Operation is correct]]>
    </line>
    <line>
      <![CDATA[Negative Operation is correct]]>
    </line>
    <line>
      <![CDATA[Divide By Zero Operation is correct]]>
    </line>
    <line>
      <![CDATA[Negative Value Substraction Operation is correct]]>
    </line>
    <line>
      <![CDATA[BODMAS Operation is correct]]>
    </line>
    <line>
      <![CDATA[Square Operation is correct]]>
    </line>
  </reporter-output>
  <suite name="UIAutomationSuite" duration-ms="47942" started-at="2015-05-11T10:17:51Z" finished-at="2015-05-11T10:18:39Z">
    <groups>
    </groups>
    <test name="MyTest1-chrome" duration-ms="47942" started-at="2015-05-11T10:17:51Z" finished-at="2015-05-11T10:18:39Z">
      <class name="com.mycompany.sdet.Suite.Calculator.CalcApplication">
        <test-method status="PASS" signature="setUp(org.testng.xml.XmlTest)[pri:0, instance:com.mycompany.sdet.Suite.Calculator.CalcApplication@10ecd3a2]" name="setUp" is-config="true" duration-ms="4814" started-at="2015-05-11T15:47:51Z" finished-at="2015-05-11T15:47:56Z">
          <params>
            <param index="0">
              <value>
                <![CDATA[[Test: "MyTest1-chrome" verbose:1[parameters:environment=>Stagingbrowser=>chrome][metagroups:] [included: ][excluded: ]  classes:[XmlClass class=com.mycompany.sdet.Suite.Calculator.CalcApplication]  packages:] ]]>
              </value>
            </param>
          </params>
          <reporter-output>
          </reporter-output>
        </test-method> <!-- setUp -->
        <test-method status="PASS" signature="beforeClass()[pri:0, instance:com.mycompany.sdet.Suite.Calculator.CalcApplication@10ecd3a2]" name="beforeClass" is-config="true" duration-ms="26" started-at="2015-05-11T15:47:56Z" finished-at="2015-05-11T15:47:56Z">
          <reporter-output>
          </reporter-output>
        </test-method> <!-- beforeClass -->
        <test-method status="PASS" signature="sumOperation()[pri:0, instance:com.mycompany.sdet.Suite.Calculator.CalcApplication@10ecd3a2]" name="sumOperation" duration-ms="10961" started-at="2015-05-11T15:47:56Z" finished-at="2015-05-11T15:48:07Z">
          <reporter-output>
            <line>
              <![CDATA[Sum Operation is correct]]>
            </line>
          </reporter-output>
        </test-method> <!-- sumOperation -->
        <test-method status="FAIL" signature="substractOperation()[pri:0, instance:com.mycompany.sdet.Suite.Calculator.CalcApplication@10ecd3a2]" name="substractOperation" duration-ms="3184" started-at="2015-05-11T15:48:07Z" finished-at="2015-05-11T15:48:10Z">
          <exception class="org.openqa.selenium.NoSuchElementException">
            <message>
              <![CDATA[no such element
  (Session info: chrome=42.0.2311.135)
  (Driver info: chromedriver=2.14.313457 (3d645c400edf2e2c500566c9aa096063e707c9cf),platform=Mac OS X 10.10.2 x86_64) (WARNING: The server did not provide any stacktrace information)
Command duration or timeout: 16 milliseconds
For documentation on this error, please visit: http://seleniumhq.org/exceptions/no_such_element.html
Build info: version: '2.45.0', revision: '5017cb8e7ca8e37638dc3091b2440b90a1d8686f', time: '2015-02-27 09:10:26'
System info: host: 'JOHNs-MacBook-Pro.local', ip: '10.125.36.58', os.name: 'Mac OS X', os.arch: 'x86_64', os.version: '10.10.2', java.version: '1.8.0_31'
Driver info: org.openqa.selenium.chrome.ChromeDriver
Capabilities [{applicationCacheEnabled=false, rotatable=false, mobileEmulationEnabled=false, chrome={userDataDir=/var/folders/5t/7lcyvk4x3_sdk37bssn_y81m0000gn/T/.org.chromium.Chromium.TGVzfB}, takesHeapSnapshot=true, databaseEnabled=false, handlesAlerts=true, version=42.0.2311.135, platform=MAC, browserConnectionEnabled=false, nativeEvents=true, acceptSslCerts=true, locationContextEnabled=true, webStorageEnabled=true, browserName=chrome, takesScreenshot=true, javascriptEnabled=true, cssSelectorsEnabled=true}]
Session ID: 1039cd40c5d6de7743051e5f185d8fbc
*** Element info: {Using=xpath, value=//p[@class='r']}]]>
            </message>
            <full-stacktrace>
              <![CDATA[org.openqa.selenium.NoSuchElementException: no such element
  (Session info: chrome=42.0.2311.135)
  (Driver info: chromedriver=2.14.313457 (3d645c400edf2e2c500566c9aa096063e707c9cf),platform=Mac OS X 10.10.2 x86_64) (WARNING: The server did not provide any stacktrace information)
Command duration or timeout: 16 milliseconds
For documentation on this error, please visit: http://seleniumhq.org/exceptions/no_such_element.html
Build info: version: '2.45.0', revision: '5017cb8e7ca8e37638dc3091b2440b90a1d8686f', time: '2015-02-27 09:10:26'
System info: host: 'JOHNs-MacBook-Pro.local', ip: '10.125.36.58', os.name: 'Mac OS X', os.arch: 'x86_64', os.version: '10.10.2', java.version: '1.8.0_31'
Driver info: org.openqa.selenium.chrome.ChromeDriver
Capabilities [{applicationCacheEnabled=false, rotatable=false, mobileEmulationEnabled=false, chrome={userDataDir=/var/folders/5t/7lcyvk4x3_sdk37bssn_y81m0000gn/T/.org.chromium.Chromium.TGVzfB}, takesHeapSnapshot=true, databaseEnabled=false, handlesAlerts=true, version=42.0.2311.135, platform=MAC, browserConnectionEnabled=false, nativeEvents=true, acceptSslCerts=true, locationContextEnabled=true, webStorageEnabled=true, browserName=chrome, takesScreenshot=true, javascriptEnabled=true, cssSelectorsEnabled=true}]
Session ID: 1039cd40c5d6de7743051e5f185d8fbc
*** Element info: {Using=xpath, value=//p[@class='r']}
	at sun.reflect.NativeConstructorAccessorImpl.newInstance0(Native Method)
	at sun.reflect.NativeConstructorAccessorImpl.newInstance(NativeConstructorAccessorImpl.java:62)
	at sun.reflect.DelegatingConstructorAccessorImpl.newInstance(DelegatingConstructorAccessorImpl.java:45)
	at java.lang.reflect.Constructor.newInstance(Constructor.java:408)
	at org.openqa.selenium.remote.ErrorHandler.createThrowable(ErrorHandler.java:204)
	at org.openqa.selenium.remote.ErrorHandler.throwIfResponseFailed(ErrorHandler.java:156)
	at org.openqa.selenium.remote.RemoteWebDriver.execute(RemoteWebDriver.java:599)
	at org.openqa.selenium.remote.RemoteWebDriver.findElement(RemoteWebDriver.java:352)
	at org.openqa.selenium.remote.RemoteWebDriver.findElementByXPath(RemoteWebDriver.java:449)
	at org.openqa.selenium.By$ByXPath.findElement(By.java:357)
	at org.openqa.selenium.remote.RemoteWebDriver.findElement(RemoteWebDriver.java:344)
	at org.openqa.selenium.support.pagefactory.DefaultElementLocator.findElement(DefaultElementLocator.java:59)
	at org.openqa.selenium.support.pagefactory.internal.LocatingElementHandler.invoke(LocatingElementHandler.java:37)
	at com.sun.proxy.$Proxy29.getAttribute(Unknown Source)
	at com.mycompany.sdet.Suite.Calculator.CalcApplication.substractOperation(CalcApplication.java:69)
	at sun.reflect.NativeMethodAccessorImpl.invoke0(Native Method)
	at sun.reflect.NativeMethodAccessorImpl.invoke(NativeMethodAccessorImpl.java:62)
	at sun.reflect.DelegatingMethodAccessorImpl.invoke(DelegatingMethodAccessorImpl.java:43)
	at java.lang.reflect.Method.invoke(Method.java:483)
	at org.testng.internal.MethodInvocationHelper.invokeMethod(MethodInvocationHelper.java:85)
	at org.testng.internal.Invoker.invokeMethod(Invoker.java:696)
	at org.testng.internal.Invoker.invokeTestMethod(Invoker.java:882)
	at org.testng.internal.Invoker.invokeTestMethods(Invoker.java:1189)
	at org.testng.internal.TestMethodWorker.invokeTestMethods(TestMethodWorker.java:124)
	at org.testng.internal.TestMethodWorker.run(TestMethodWorker.java:108)
	at org.testng.TestRunner.privateRun(TestRunner.java:767)
	at org.testng.TestRunner.run(TestRunner.java:617)
	at org.testng.SuiteRunner.runTest(SuiteRunner.java:348)
	at org.testng.SuiteRunner.access$000(SuiteRunner.java:38)
	at org.testng.SuiteRunner$SuiteWorker.run(SuiteRunner.java:382)
	at org.testng.internal.thread.ThreadUtil$2.call(ThreadUtil.java:64)
	at java.util.concurrent.FutureTask.run(FutureTask.java:266)
	at java.util.concurrent.ThreadPoolExecutor.runWorker(ThreadPoolExecutor.java:1142)
	at java.util.concurrent.ThreadPoolExecutor$Worker.run(ThreadPoolExecutor.java:617)
	at java.lang.Thread.run(Thread.java:745)
]]>
            </full-stacktrace>
          </exception> <!-- org.openqa.selenium.NoSuchElementException -->
          <reporter-output>
          </reporter-output>
        </test-method> <!-- substractOperation -->
        <test-method status="FAIL" signature="multiplyOperation()[pri:0, instance:com.mycompany.sdet.Suite.Calculator.CalcApplication@10ecd3a2]" name="multiplyOperation" duration-ms="3156" started-at="2015-05-11T15:48:10Z" finished-at="2015-05-11T15:48:13Z">
          <exception class="org.openqa.selenium.NoSuchElementException">
            <message>
              <![CDATA[no such element
  (Session info: chrome=42.0.2311.135)
  (Driver info: chromedriver=2.14.313457 (3d645c400edf2e2c500566c9aa096063e707c9cf),platform=Mac OS X 10.10.2 x86_64) (WARNING: The server did not provide any stacktrace information)
Command duration or timeout: 9 milliseconds
For documentation on this error, please visit: http://seleniumhq.org/exceptions/no_such_element.html
Build info: version: '2.45.0', revision: '5017cb8e7ca8e37638dc3091b2440b90a1d8686f', time: '2015-02-27 09:10:26'
System info: host: 'JOHNs-MacBook-Pro.local', ip: '10.125.36.58', os.name: 'Mac OS X', os.arch: 'x86_64', os.version: '10.10.2', java.version: '1.8.0_31'
Driver info: org.openqa.selenium.chrome.ChromeDriver
Capabilities [{applicationCacheEnabled=false, rotatable=false, mobileEmulationEnabled=false, chrome={userDataDir=/var/folders/5t/7lcyvk4x3_sdk37bssn_y81m0000gn/T/.org.chromium.Chromium.TGVzfB}, takesHeapSnapshot=true, databaseEnabled=false, handlesAlerts=true, version=42.0.2311.135, platform=MAC, browserConnectionEnabled=false, nativeEvents=true, acceptSslCerts=true, locationContextEnabled=true, webStorageEnabled=true, browserName=chrome, takesScreenshot=true, javascriptEnabled=true, cssSelectorsEnabled=true}]
Session ID: 1039cd40c5d6de7743051e5f185d8fbc
*** Element info: {Using=xpath, value=//p[@class='r']}]]>
            </message>
            <full-stacktrace>
              <![CDATA[org.openqa.selenium.NoSuchElementException: no such element
  (Session info: chrome=42.0.2311.135)
  (Driver info: chromedriver=2.14.313457 (3d645c400edf2e2c500566c9aa096063e707c9cf),platform=Mac OS X 10.10.2 x86_64) (WARNING: The server did not provide any stacktrace information)
Command duration or timeout: 9 milliseconds
For documentation on this error, please visit: http://seleniumhq.org/exceptions/no_such_element.html
Build info: version: '2.45.0', revision: '5017cb8e7ca8e37638dc3091b2440b90a1d8686f', time: '2015-02-27 09:10:26'
System info: host: 'JOHNs-MacBook-Pro.local', ip: '10.125.36.58', os.name: 'Mac OS X', os.arch: 'x86_64', os.version: '10.10.2', java.version: '1.8.0_31'
Driver info: org.openqa.selenium.chrome.ChromeDriver
Capabilities [{applicationCacheEnabled=false, rotatable=false, mobileEmulationEnabled=false, chrome={userDataDir=/var/folders/5t/7lcyvk4x3_sdk37bssn_y81m0000gn/T/.org.chromium.Chromium.TGVzfB}, takesHeapSnapshot=true, databaseEnabled=false, handlesAlerts=true, version=42.0.2311.135, platform=MAC, browserConnectionEnabled=false, nativeEvents=true, acceptSslCerts=true, locationContextEnabled=true, webStorageEnabled=true, browserName=chrome, takesScreenshot=true, javascriptEnabled=true, cssSelectorsEnabled=true}]
Session ID: 1039cd40c5d6de7743051e5f185d8fbc
*** Element info: {Using=xpath, value=//p[@class='r']}
	at sun.reflect.NativeConstructorAccessorImpl.newInstance0(Native Method)
	at sun.reflect.NativeConstructorAccessorImpl.newInstance(NativeConstructorAccessorImpl.java:62)
	at sun.reflect.DelegatingConstructorAccessorImpl.newInstance(DelegatingConstructorAccessorImpl.java:45)
	at java.lang.reflect.Constructor.newInstance(Constructor.java:408)
	at org.openqa.selenium.remote.ErrorHandler.createThrowable(ErrorHandler.java:204)
	at org.openqa.selenium.remote.ErrorHandler.throwIfResponseFailed(ErrorHandler.java:156)
	at org.openqa.selenium.remote.RemoteWebDriver.execute(RemoteWebDriver.java:599)
	at org.openqa.selenium.remote.RemoteWebDriver.findElement(RemoteWebDriver.java:352)
	at org.openqa.selenium.remote.RemoteWebDriver.findElementByXPath(RemoteWebDriver.java:449)
	at org.openqa.selenium.By$ByXPath.findElement(By.java:357)
	at org.openqa.selenium.remote.RemoteWebDriver.findElement(RemoteWebDriver.java:344)
	at org.openqa.selenium.support.pagefactory.DefaultElementLocator.findElement(DefaultElementLocator.java:59)
	at org.openqa.selenium.support.pagefactory.internal.LocatingElementHandler.invoke(LocatingElementHandler.java:37)
	at com.sun.proxy.$Proxy29.getAttribute(Unknown Source)
	at com.mycompany.sdet.Suite.Calculator.CalcApplication.multiplyOperation(CalcApplication.java:95)
	at sun.reflect.NativeMethodAccessorImpl.invoke0(Native Method)
	at sun.reflect.NativeMethodAccessorImpl.invoke(NativeMethodAccessorImpl.java:62)
	at sun.reflect.DelegatingMethodAccessorImpl.invoke(DelegatingMethodAccessorImpl.java:43)
	at java.lang.reflect.Method.invoke(Method.java:483)
	at org.testng.internal.MethodInvocationHelper.invokeMethod(MethodInvocationHelper.java:85)
	at org.testng.internal.Invoker.invokeMethod(Invoker.java:696)
	at org.testng.internal.Invoker.invokeTestMethod(Invoker.java:882)
	at org.testng.internal.Invoker.invokeTestMethods(Invoker.java:1189)
	at org.testng.internal.TestMethodWorker.invokeTestMethods(TestMethodWorker.java:124)
	at org.testng.internal.TestMethodWorker.run(TestMethodWorker.java:108)
	at org.testng.TestRunner.privateRun(TestRunner.java:767)
	at org.testng.TestRunner.run(TestRunner.java:617)
	at org.testng.SuiteRunner.runTest(SuiteRunner.java:348)
	at org.testng.SuiteRunner.access$000(SuiteRunner.java:38)
	at org.testng.SuiteRunner$SuiteWorker.run(SuiteRunner.java:382)
	at org.testng.internal.thread.ThreadUtil$2.call(ThreadUtil.java:64)
	at java.util.concurrent.FutureTask.run(FutureTask.java:266)
	at java.util.concurrent.ThreadPoolExecutor.runWorker(ThreadPoolExecutor.java:1142)
	at java.util.concurrent.ThreadPoolExecutor$Worker.run(ThreadPoolExecutor.java:617)
	at java.lang.Thread.run(Thread.java:745)
]]>
            </full-stacktrace>
          </exception> <!-- org.openqa.selenium.NoSuchElementException -->
          <reporter-output>
          </reporter-output>
        </test-method> <!-- multiplyOperation -->
        <test-method status="FAIL" signature="divisionOperation()[pri:0, instance:com.mycompany.sdet.Suite.Calculator.CalcApplication@10ecd3a2]" name="divisionOperation" duration-ms="3147" started-at="2015-05-11T15:48:13Z" finished-at="2015-05-11T15:48:16Z">
          <exception class="org.openqa.selenium.NoSuchElementException">
            <message>
              <![CDATA[no such element
  (Session info: chrome=42.0.2311.135)
  (Driver info: chromedriver=2.14.313457 (3d645c400edf2e2c500566c9aa096063e707c9cf),platform=Mac OS X 10.10.2 x86_64) (WARNING: The server did not provide any stacktrace information)
Command duration or timeout: 10 milliseconds
For documentation on this error, please visit: http://seleniumhq.org/exceptions/no_such_element.html
Build info: version: '2.45.0', revision: '5017cb8e7ca8e37638dc3091b2440b90a1d8686f', time: '2015-02-27 09:10:26'
System info: host: 'JOHNs-MacBook-Pro.local', ip: '10.125.36.58', os.name: 'Mac OS X', os.arch: 'x86_64', os.version: '10.10.2', java.version: '1.8.0_31'
Driver info: org.openqa.selenium.chrome.ChromeDriver
Capabilities [{applicationCacheEnabled=false, rotatable=false, mobileEmulationEnabled=false, chrome={userDataDir=/var/folders/5t/7lcyvk4x3_sdk37bssn_y81m0000gn/T/.org.chromium.Chromium.TGVzfB}, takesHeapSnapshot=true, databaseEnabled=false, handlesAlerts=true, version=42.0.2311.135, platform=MAC, browserConnectionEnabled=false, nativeEvents=true, acceptSslCerts=true, locationContextEnabled=true, webStorageEnabled=true, browserName=chrome, takesScreenshot=true, javascriptEnabled=true, cssSelectorsEnabled=true}]
Session ID: 1039cd40c5d6de7743051e5f185d8fbc
*** Element info: {Using=xpath, value=//p[@class='r']}]]>
            </message>
            <full-stacktrace>
              <![CDATA[org.openqa.selenium.NoSuchElementException: no such element
  (Session info: chrome=42.0.2311.135)
  (Driver info: chromedriver=2.14.313457 (3d645c400edf2e2c500566c9aa096063e707c9cf),platform=Mac OS X 10.10.2 x86_64) (WARNING: The server did not provide any stacktrace information)
Command duration or timeout: 10 milliseconds
For documentation on this error, please visit: http://seleniumhq.org/exceptions/no_such_element.html
Build info: version: '2.45.0', revision: '5017cb8e7ca8e37638dc3091b2440b90a1d8686f', time: '2015-02-27 09:10:26'
System info: host: 'JOHNs-MacBook-Pro.local', ip: '10.125.36.58', os.name: 'Mac OS X', os.arch: 'x86_64', os.version: '10.10.2', java.version: '1.8.0_31'
Driver info: org.openqa.selenium.chrome.ChromeDriver
Capabilities [{applicationCacheEnabled=false, rotatable=false, mobileEmulationEnabled=false, chrome={userDataDir=/var/folders/5t/7lcyvk4x3_sdk37bssn_y81m0000gn/T/.org.chromium.Chromium.TGVzfB}, takesHeapSnapshot=true, databaseEnabled=false, handlesAlerts=true, version=42.0.2311.135, platform=MAC, browserConnectionEnabled=false, nativeEvents=true, acceptSslCerts=true, locationContextEnabled=true, webStorageEnabled=true, browserName=chrome, takesScreenshot=true, javascriptEnabled=true, cssSelectorsEnabled=true}]
Session ID: 1039cd40c5d6de7743051e5f185d8fbc
*** Element info: {Using=xpath, value=//p[@class='r']}
	at sun.reflect.NativeConstructorAccessorImpl.newInstance0(Native Method)
	at sun.reflect.NativeConstructorAccessorImpl.newInstance(NativeConstructorAccessorImpl.java:62)
	at sun.reflect.DelegatingConstructorAccessorImpl.newInstance(DelegatingConstructorAccessorImpl.java:45)
	at java.lang.reflect.Constructor.newInstance(Constructor.java:408)
	at org.openqa.selenium.remote.ErrorHandler.createThrowable(ErrorHandler.java:204)
	at org.openqa.selenium.remote.ErrorHandler.throwIfResponseFailed(ErrorHandler.java:156)
	at org.openqa.selenium.remote.RemoteWebDriver.execute(RemoteWebDriver.java:599)
	at org.openqa.selenium.remote.RemoteWebDriver.findElement(RemoteWebDriver.java:352)
	at org.openqa.selenium.remote.RemoteWebDriver.findElementByXPath(RemoteWebDriver.java:449)
	at org.openqa.selenium.By$ByXPath.findElement(By.java:357)
	at org.openqa.selenium.remote.RemoteWebDriver.findElement(RemoteWebDriver.java:344)
	at org.openqa.selenium.support.pagefactory.DefaultElementLocator.findElement(DefaultElementLocator.java:59)
	at org.openqa.selenium.support.pagefactory.internal.LocatingElementHandler.invoke(LocatingElementHandler.java:37)
	at com.sun.proxy.$Proxy29.getAttribute(Unknown Source)
	at com.mycompany.sdet.Suite.Calculator.CalcApplication.divisionOperation(CalcApplication.java:121)
	at sun.reflect.NativeMethodAccessorImpl.invoke0(Native Method)
	at sun.reflect.NativeMethodAccessorImpl.invoke(NativeMethodAccessorImpl.java:62)
	at sun.reflect.DelegatingMethodAccessorImpl.invoke(DelegatingMethodAccessorImpl.java:43)
	at java.lang.reflect.Method.invoke(Method.java:483)
	at org.testng.internal.MethodInvocationHelper.invokeMethod(MethodInvocationHelper.java:85)
	at org.testng.internal.Invoker.invokeMethod(Invoker.java:696)
	at org.testng.internal.Invoker.invokeTestMethod(Invoker.java:882)
	at org.testng.internal.Invoker.invokeTestMethods(Invoker.java:1189)
	at org.testng.internal.TestMethodWorker.invokeTestMethods(TestMethodWorker.java:124)
	at org.testng.internal.TestMethodWorker.run(TestMethodWorker.java:108)
	at org.testng.TestRunner.privateRun(TestRunner.java:767)
	at org.testng.TestRunner.run(TestRunner.java:617)
	at org.testng.SuiteRunner.runTest(SuiteRunner.java:348)
	at org.testng.SuiteRunner.access$000(SuiteRunner.java:38)
	at org.testng.SuiteRunner$SuiteWorker.run(SuiteRunner.java:382)
	at org.testng.internal.thread.ThreadUtil$2.call(ThreadUtil.java:64)
	at java.util.concurrent.FutureTask.run(FutureTask.java:266)
	at java.util.concurrent.ThreadPoolExecutor.runWorker(ThreadPoolExecutor.java:1142)
	at java.util.concurrent.ThreadPoolExecutor$Worker.run(ThreadPoolExecutor.java:617)
	at java.lang.Thread.run(Thread.java:745)
]]>
            </full-stacktrace>
          </exception> <!-- org.openqa.selenium.NoSuchElementException -->
          <reporter-output>
          </reporter-output>
        </test-method> <!-- divisionOperation -->
        <test-method status="PASS" signature="floatOperation()[pri:0, instance:com.mycompany.sdet.Suite.Calculator.CalcApplication@10ecd3a2]" name="floatOperation" duration-ms="3349" started-at="2015-05-11T15:48:16Z" finished-at="2015-05-11T15:48:20Z">
          <reporter-output>
            <line>
              <![CDATA[Float Operation is correct]]>
            </line>
          </reporter-output>
        </test-method> <!-- floatOperation -->
        <test-method status="PASS" signature="negativeOperation()[pri:0, instance:com.mycompany.sdet.Suite.Calculator.CalcApplication@10ecd3a2]" name="negativeOperation" duration-ms="3209" started-at="2015-05-11T15:48:20Z" finished-at="2015-05-11T15:48:23Z">
          <reporter-output>
            <line>
              <![CDATA[Negative Operation is correct]]>
            </line>
          </reporter-output>
        </test-method> <!-- negativeOperation -->
        <test-method status="PASS" signature="divideByZeroOperation()[pri:0, instance:com.mycompany.sdet.Suite.Calculator.CalcApplication@10ecd3a2]" name="divideByZeroOperation" duration-ms="3377" started-at="2015-05-11T15:48:23Z" finished-at="2015-05-11T15:48:26Z">
          <reporter-output>
            <line>
              <![CDATA[Divide By Zero Operation is correct]]>
            </line>
          </reporter-output>
        </test-method> <!-- divideByZeroOperation -->
        <test-method status="FAIL" signature="ZeroByNumberOperation()[pri:0, instance:com.mycompany.sdet.Suite.Calculator.CalcApplication@10ecd3a2]" name="ZeroByNumberOperation" duration-ms="3004" started-at="2015-05-11T15:48:26Z" finished-at="2015-05-11T15:48:29Z">
          <exception class="org.openqa.selenium.NoSuchElementException">
            <message>
              <![CDATA[no such element
  (Session info: chrome=42.0.2311.135)
  (Driver info: chromedriver=2.14.313457 (3d645c400edf2e2c500566c9aa096063e707c9cf),platform=Mac OS X 10.10.2 x86_64) (WARNING: The server did not provide any stacktrace information)
Command duration or timeout: 10 milliseconds
For documentation on this error, please visit: http://seleniumhq.org/exceptions/no_such_element.html
Build info: version: '2.45.0', revision: '5017cb8e7ca8e37638dc3091b2440b90a1d8686f', time: '2015-02-27 09:10:26'
System info: host: 'JOHNs-MacBook-Pro.local', ip: '10.125.36.58', os.name: 'Mac OS X', os.arch: 'x86_64', os.version: '10.10.2', java.version: '1.8.0_31'
Driver info: org.openqa.selenium.chrome.ChromeDriver
Capabilities [{applicationCacheEnabled=false, rotatable=false, mobileEmulationEnabled=false, chrome={userDataDir=/var/folders/5t/7lcyvk4x3_sdk37bssn_y81m0000gn/T/.org.chromium.Chromium.TGVzfB}, takesHeapSnapshot=true, databaseEnabled=false, handlesAlerts=true, version=42.0.2311.135, platform=MAC, browserConnectionEnabled=false, nativeEvents=true, acceptSslCerts=true, locationContextEnabled=true, webStorageEnabled=true, browserName=chrome, takesScreenshot=true, javascriptEnabled=true, cssSelectorsEnabled=true}]
Session ID: 1039cd40c5d6de7743051e5f185d8fbc
*** Element info: {Using=xpath, value=//p[@class='r']}]]>
            </message>
            <full-stacktrace>
              <![CDATA[org.openqa.selenium.NoSuchElementException: no such element
  (Session info: chrome=42.0.2311.135)
  (Driver info: chromedriver=2.14.313457 (3d645c400edf2e2c500566c9aa096063e707c9cf),platform=Mac OS X 10.10.2 x86_64) (WARNING: The server did not provide any stacktrace information)
Command duration or timeout: 10 milliseconds
For documentation on this error, please visit: http://seleniumhq.org/exceptions/no_such_element.html
Build info: version: '2.45.0', revision: '5017cb8e7ca8e37638dc3091b2440b90a1d8686f', time: '2015-02-27 09:10:26'
System info: host: 'JOHNs-MacBook-Pro.local', ip: '10.125.36.58', os.name: 'Mac OS X', os.arch: 'x86_64', os.version: '10.10.2', java.version: '1.8.0_31'
Driver info: org.openqa.selenium.chrome.ChromeDriver
Capabilities [{applicationCacheEnabled=false, rotatable=false, mobileEmulationEnabled=false, chrome={userDataDir=/var/folders/5t/7lcyvk4x3_sdk37bssn_y81m0000gn/T/.org.chromium.Chromium.TGVzfB}, takesHeapSnapshot=true, databaseEnabled=false, handlesAlerts=true, version=42.0.2311.135, platform=MAC, browserConnectionEnabled=false, nativeEvents=true, acceptSslCerts=true, locationContextEnabled=true, webStorageEnabled=true, browserName=chrome, takesScreenshot=true, javascriptEnabled=true, cssSelectorsEnabled=true}]
Session ID: 1039cd40c5d6de7743051e5f185d8fbc
*** Element info: {Using=xpath, value=//p[@class='r']}
	at sun.reflect.NativeConstructorAccessorImpl.newInstance0(Native Method)
	at sun.reflect.NativeConstructorAccessorImpl.newInstance(NativeConstructorAccessorImpl.java:62)
	at sun.reflect.DelegatingConstructorAccessorImpl.newInstance(DelegatingConstructorAccessorImpl.java:45)
	at java.lang.reflect.Constructor.newInstance(Constructor.java:408)
	at org.openqa.selenium.remote.ErrorHandler.createThrowable(ErrorHandler.java:204)
	at org.openqa.selenium.remote.ErrorHandler.throwIfResponseFailed(ErrorHandler.java:156)
	at org.openqa.selenium.remote.RemoteWebDriver.execute(RemoteWebDriver.java:599)
	at org.openqa.selenium.remote.RemoteWebDriver.findElement(RemoteWebDriver.java:352)
	at org.openqa.selenium.remote.RemoteWebDriver.findElementByXPath(RemoteWebDriver.java:449)
	at org.openqa.selenium.By$ByXPath.findElement(By.java:357)
	at org.openqa.selenium.remote.RemoteWebDriver.findElement(RemoteWebDriver.java:344)
	at org.openqa.selenium.support.pagefactory.DefaultElementLocator.findElement(DefaultElementLocator.java:59)
	at org.openqa.selenium.support.pagefactory.internal.LocatingElementHandler.invoke(LocatingElementHandler.java:37)
	at com.sun.proxy.$Proxy29.getAttribute(Unknown Source)
	at com.mycompany.sdet.Suite.Calculator.CalcApplication.ZeroByNumberOperation(CalcApplication.java:224)
	at sun.reflect.NativeMethodAccessorImpl.invoke0(Native Method)
	at sun.reflect.NativeMethodAccessorImpl.invoke(NativeMethodAccessorImpl.java:62)
	at sun.reflect.DelegatingMethodAccessorImpl.invoke(DelegatingMethodAccessorImpl.java:43)
	at java.lang.reflect.Method.invoke(Method.java:483)
	at org.testng.internal.MethodInvocationHelper.invokeMethod(MethodInvocationHelper.java:85)
	at org.testng.internal.Invoker.invokeMethod(Invoker.java:696)
	at org.testng.internal.Invoker.invokeTestMethod(Invoker.java:882)
	at org.testng.internal.Invoker.invokeTestMethods(Invoker.java:1189)
	at org.testng.internal.TestMethodWorker.invokeTestMethods(TestMethodWorker.java:124)
	at org.testng.internal.TestMethodWorker.run(TestMethodWorker.java:108)
	at org.testng.TestRunner.privateRun(TestRunner.java:767)
	at org.testng.TestRunner.run(TestRunner.java:617)
	at org.testng.SuiteRunner.runTest(SuiteRunner.java:348)
	at org.testng.SuiteRunner.access$000(SuiteRunner.java:38)
	at org.testng.SuiteRunner$SuiteWorker.run(SuiteRunner.java:382)
	at org.testng.internal.thread.ThreadUtil$2.call(ThreadUtil.java:64)
	at java.util.concurrent.FutureTask.run(FutureTask.java:266)
	at java.util.concurrent.ThreadPoolExecutor.runWorker(ThreadPoolExecutor.java:1142)
	at java.util.concurrent.ThreadPoolExecutor$Worker.run(ThreadPoolExecutor.java:617)
	at java.lang.Thread.run(Thread.java:745)
]]>
            </full-stacktrace>
          </exception> <!-- org.openqa.selenium.NoSuchElementException -->
          <reporter-output>
          </reporter-output>
        </test-method> <!-- ZeroByNumberOperation -->
        <test-method status="PASS" signature="substractNegativeOperation()[pri:0, instance:com.mycompany.sdet.Suite.Calculator.CalcApplication@10ecd3a2]" name="substractNegativeOperation" duration-ms="3198" started-at="2015-05-11T15:48:29Z" finished-at="2015-05-11T15:48:32Z">
          <reporter-output>
            <line>
              <![CDATA[Negative Value Substraction Operation is correct]]>
            </line>
          </reporter-output>
        </test-method> <!-- substractNegativeOperation -->
        <test-method status="PASS" signature="bodmasOperation()[pri:0, instance:com.mycompany.sdet.Suite.Calculator.CalcApplication@10ecd3a2]" name="bodmasOperation" duration-ms="3378" started-at="2015-05-11T15:48:32Z" finished-at="2015-05-11T15:48:36Z">
          <reporter-output>
            <line>
              <![CDATA[BODMAS Operation is correct]]>
            </line>
          </reporter-output>
        </test-method> <!-- bodmasOperation -->
        <test-method status="PASS" signature="squareOperation()[pri:0, instance:com.mycompany.sdet.Suite.Calculator.CalcApplication@10ecd3a2]" name="squareOperation" duration-ms="3007" started-at="2015-05-11T15:48:36Z" finished-at="2015-05-11T15:48:39Z">
          <reporter-output>
            <line>
              <![CDATA[Square Operation is correct]]>
            </line>
          </reporter-output>
        </test-method> <!-- squareOperation -->
        <test-method status="PASS" signature="tearDown()[pri:0, instance:com.mycompany.sdet.Suite.Calculator.CalcApplication@10ecd3a2]" name="tearDown" is-config="true" duration-ms="1" started-at="2015-05-11T15:48:39Z" finished-at="2015-05-11T15:48:39Z">
          <reporter-output>
          </reporter-output>
        </test-method> <!-- tearDown -->
      </class> <!-- com.mycompany.sdet.Suite.Calculator.CalcApplication -->
    </test> <!-- MyTest1-chrome -->
  </suite> <!-- UIAutomationSuite -->
</testng-results>
